c:\users\yusuf sına\desktop\c++\hotelroom\hotelroom\debug\hotelroom.pch
c:\users\yusuf sına\desktop\c++\hotelroom\hotelroom\debug\vc141.pdb
c:\users\yusuf sına\desktop\c++\hotelroom\hotelroom\debug\vc141.ıdb
c:\users\yusuf sına\desktop\c++\hotelroom\hotelroom\debug\stdafx.obj
c:\users\yusuf sına\desktop\c++\hotelroom\hotelroom\debug\hotelroom.obj
c:\users\yusuf sına\desktop\c++\hotelroom\debug\hotelroom.exe
c:\users\yusuf sına\desktop\c++\hotelroom\debug\hotelroom.ılk
c:\users\yusuf sına\desktop\c++\hotelroom\debug\hotelroom.pdb
c:\users\yusuf sina\desktop\c++\hotelroom\hotelroom\debug\hotelroom.obj
c:\users\yusuf sina\desktop\c++\hotelroom\hotelroom\debug\stdafx.obj
c:\users\yusuf sina\desktop\c++\hotelroom\hotelroom\debug\hotelroom.pch
c:\users\yusuf sina\desktop\c++\hotelroom\hotelroom\debug\vc141.idb
c:\users\yusuf sina\desktop\c++\hotelroom\hotelroom\debug\vc141.pdb
c:\users\yusuf sina\desktop\c++\hotelroom\debug\hotelroom.pdb
c:\users\yusuf sina\desktop\c++\hotelroom\debug\hotelroom.exe
c:\users\yusuf sina\desktop\c++\hotelroom\debug\hotelroom.ilk
c:\users\yusuf sina\desktop\c++\hotelroom\hotelroom\debug\hotelroom.tlog\cl.command.1.tlog
c:\users\yusuf sina\desktop\c++\hotelroom\hotelroom\debug\hotelroom.tlog\cl.read.1.tlog
c:\users\yusuf sina\desktop\c++\hotelroom\hotelroom\debug\hotelroom.tlog\cl.write.1.tlog
c:\users\yusuf sina\desktop\c++\hotelroom\hotelroom\debug\hotelroom.tlog\link.command.1.tlog
c:\users\yusuf sina\desktop\c++\hotelroom\hotelroom\debug\hotelroom.tlog\link.read.1.tlog
c:\users\yusuf sina\desktop\c++\hotelroom\hotelroom\debug\hotelroom.tlog\link.write.1.tlog
